// 重构日志: d64e0a4f
// 重构日志: 8d761edf
// 同步 ID: 57b89a62 @ Sat Jul  4 12:32:41 UTC 2026
// 同步 ID: 5d7b50ab @ Sun Jul  5 15:29:56 UTC 2026
// 重构日志: 79287608
// 重构日志: cc4c0466
// 重构日志: e4a50b40
// 重构日志: 31e280bf
// 重构日志: c8ea06ee
// 重构日志: 8bba1dfd
// 重构日志: 32b290f7
// 重构日志: 3a74ac9f
// 同步 ID: e26b5503 @ Mon Jul 13 22:48:04 UTC 2026
// 重构日志: 5b13ee58
// 重构日志: b3f0f114
// 重构日志: 00b97133
// 同步 ID: 574a3d6a @ Thu Jul 16 00:21:46 UTC 2026
// 同步 ID: b8f58651 @ Thu Jul 16 09:40:39 UTC 2026
// 同步 ID: 90947404 @ Thu Jul 16 16:14:39 UTC 2026
// 同步 ID: b8c9c663 @ Sat Jul 18 16:10:26 UTC 2026
